Determining if the Q_WS_WIN exist failed with the following output:
Change Dir: /home/nmoya/CGAL-4.2/demo/Triangulation_2/CMakeFiles/CMakeTmp

Run Build Command:/usr/bin/make "cmTryCompileExec2266622033/fast"
/usr/bin/make -f CMakeFiles/cmTryCompileExec2266622033.dir/build.make CMakeFiles/cmTryCompileExec2266622033.dir/build
make[1]: Entering directory `/home/nmoya/CGAL-4.2/demo/Triangulation_2/CMakeFiles/CMakeTmp'
/usr/bin/cmake -E cmake_progress_report /home/nmoya/CGAL-4.2/demo/Triangulation_2/CMakeFiles/CMakeTmp/CMakeFiles 1
Building CXX object CMakeFiles/cmTryCompileExec2266622033.dir/CheckSymbolExists.cxx.o
/usr/bin/c++    -g -O2 -fstack-protector --param=ssp-buffer-size=4 -Wformat -Werror=format-security -D_FORTIFY_SOURCE=2  -frounding-math   -I/usr/include/qt4    -o CMakeFiles/cmTryCompileExec2266622033.dir/CheckSymbolExists.cxx.o -c /home/nmoya/CGAL-4.2/demo/Triangulation_2/CMakeFiles/CMakeTmp/CheckSymbolExists.cxx
/home/nmoya/CGAL-4.2/demo/Triangulation_2/CMakeFiles/CMakeTmp/CheckSymbolExists.cxx: In function ‘int main(int, char**)’:
/home/nmoya/CGAL-4.2/demo/Triangulation_2/CMakeFiles/CMakeTmp/CheckSymbolExists.cxx:8:19: error: ‘Q_WS_WIN’ was not declared in this scope
make[1]: Leaving directory `/home/nmoya/CGAL-4.2/demo/Triangulation_2/CMakeFiles/CMakeTmp'
make[1]: *** [CMakeFiles/cmTryCompileExec2266622033.dir/CheckSymbolExists.cxx.o] Error 1
make: *** [cmTryCompileExec2266622033/fast] Error 2

File /home/nmoya/CGAL-4.2/demo/Triangulation_2/CMakeFiles/CMakeTmp/CheckSymbolExists.cxx:
/* */
#include <QtCore/qglobal.h>

int main(int argc, char** argv)
{
  (void)argv;
#ifndef Q_WS_WIN
  return ((int*)(&Q_WS_WIN))[argc];
#else
  (void)argc;
  return 0;
#endif
}

Determining if the Q_WS_QWS exist failed with the following output:
Change Dir: /home/nmoya/CGAL-4.2/demo/Triangulation_2/CMakeFiles/CMakeTmp

Run Build Command:/usr/bin/make "cmTryCompileExec328194642/fast"
/usr/bin/make -f CMakeFiles/cmTryCompileExec328194642.dir/build.make CMakeFiles/cmTryCompileExec328194642.dir/build
make[1]: Entering directory `/home/nmoya/CGAL-4.2/demo/Triangulation_2/CMakeFiles/CMakeTmp'
/usr/bin/cmake -E cmake_progress_report /home/nmoya/CGAL-4.2/demo/Triangulation_2/CMakeFiles/CMakeTmp/CMakeFiles 1
Building CXX object CMakeFiles/cmTryCompileExec328194642.dir/CheckSymbolExists.cxx.o
/usr/bin/c++    -g -O2 -fstack-protector --param=ssp-buffer-size=4 -Wformat -Werror=format-security -D_FORTIFY_SOURCE=2  -frounding-math   -I/usr/include/qt4    -o CMakeFiles/cmTryCompileExec328194642.dir/CheckSymbolExists.cxx.o -c /home/nmoya/CGAL-4.2/demo/Triangulation_2/CMakeFiles/CMakeTmp/CheckSymbolExists.cxx
/home/nmoya/CGAL-4.2/demo/Triangulation_2/CMakeFiles/CMakeTmp/CheckSymbolExists.cxx: In function ‘int main(int, char**)’:
/home/nmoya/CGAL-4.2/demo/Triangulation_2/CMakeFiles/CMakeTmp/CheckSymbolExists.cxx:8:19: error: ‘Q_WS_QWS’ was not declared in this scope
make[1]: Leaving directory `/home/nmoya/CGAL-4.2/demo/Triangulation_2/CMakeFiles/CMakeTmp'
make[1]: *** [CMakeFiles/cmTryCompileExec328194642.dir/CheckSymbolExists.cxx.o] Error 1
make: *** [cmTryCompileExec328194642/fast] Error 2

File /home/nmoya/CGAL-4.2/demo/Triangulation_2/CMakeFiles/CMakeTmp/CheckSymbolExists.cxx:
/* */
#include <QtCore/qglobal.h>

int main(int argc, char** argv)
{
  (void)argv;
#ifndef Q_WS_QWS
  return ((int*)(&Q_WS_QWS))[argc];
#else
  (void)argc;
  return 0;
#endif
}

Determining if the Q_WS_MAC exist failed with the following output:
Change Dir: /home/nmoya/CGAL-4.2/demo/Triangulation_2/CMakeFiles/CMakeTmp

Run Build Command:/usr/bin/make "cmTryCompileExec4228897749/fast"
/usr/bin/make -f CMakeFiles/cmTryCompileExec4228897749.dir/build.make CMakeFiles/cmTryCompileExec4228897749.dir/build
make[1]: Entering directory `/home/nmoya/CGAL-4.2/demo/Triangulation_2/CMakeFiles/CMakeTmp'
/usr/bin/cmake -E cmake_progress_report /home/nmoya/CGAL-4.2/demo/Triangulation_2/CMakeFiles/CMakeTmp/CMakeFiles 1
Building CXX object CMakeFiles/cmTryCompileExec4228897749.dir/CheckSymbolExists.cxx.o
/usr/bin/c++    -g -O2 -fstack-protector --param=ssp-buffer-size=4 -Wformat -Werror=format-security -D_FORTIFY_SOURCE=2  -frounding-math   -I/usr/include/qt4    -o CMakeFiles/cmTryCompileExec4228897749.dir/CheckSymbolExists.cxx.o -c /home/nmoya/CGAL-4.2/demo/Triangulation_2/CMakeFiles/CMakeTmp/CheckSymbolExists.cxx
/home/nmoya/CGAL-4.2/demo/Triangulation_2/CMakeFiles/CMakeTmp/CheckSymbolExists.cxx: In function ‘int main(int, char**)’:
/home/nmoya/CGAL-4.2/demo/Triangulation_2/CMakeFiles/CMakeTmp/CheckSymbolExists.cxx:8:19: error: ‘Q_WS_MAC’ was not declared in this scope
make[1]: Leaving directory `/home/nmoya/CGAL-4.2/demo/Triangulation_2/CMakeFiles/CMakeTmp'
make[1]: *** [CMakeFiles/cmTryCompileExec4228897749.dir/CheckSymbolExists.cxx.o] Error 1
make: *** [cmTryCompileExec4228897749/fast] Error 2

File /home/nmoya/CGAL-4.2/demo/Triangulation_2/CMakeFiles/CMakeTmp/CheckSymbolExists.cxx:
/* */
#include <QtCore/qglobal.h>

int main(int argc, char** argv)
{
  (void)argv;
#ifndef Q_WS_MAC
  return ((int*)(&Q_WS_MAC))[argc];
#else
  (void)argc;
  return 0;
#endif
}

